Jan 25 10:22:51 PM  ==> Checking out commit 5e0b93399e7468dfee8882f1fd2903af6173cca6 in branch master
Jan 25 10:22:55 PM  ==> Downloading cache...
Jan 25 10:23:09 PM  ==> Running build command 'npm run build'...
Jan 25 10:23:09 PM  
Jan 25 10:23:09 PM  > mern-webshop@1.0.0 build /opt/render/project/src
Jan 25 10:23:09 PM  > NPM_CONFIG_PRODUCTION=false npm install --prefix client && npm run build --prefix client
Jan 25 10:23:09 PM  
Jan 25 10:23:07 PM  ==> Transferred 38MB in 8s. Extraction took 1s.
Jan 25 10:23:49 PM  
Jan 25 10:23:49 PM  > node-sass@4.14.1 install /opt/render/project/src/client/node_modules/node-sass
Jan 25 10:23:49 PM  > node scripts/install.js
Jan 25 10:23:49 PM  
Jan 25 10:23:49 PM  Cached binary found at /opt/render/.cache/node-sass/4.14.1/linux-x64-83_binding.node
Jan 25 10:23:50 PM  
Jan 25 10:23:50 PM  > core-js@2.6.12 postinstall /opt/render/project/src/client/node_modules/babel-runtime/node_modules/core-js
Jan 25 10:23:50 PM  > node -e "try{require('./postinstall')}catch(e){}"
Jan 25 10:23:50 PM  
Jan 25 10:23:50 PM  
Jan 25 10:23:50 PM  > core-js@3.27.2 postinstall /opt/render/project/src/client/node_modules/core-js
Jan 25 10:23:50 PM  > node -e "try{require('./postinstall')}catch(e){}"
Jan 25 10:23:50 PM  
Jan 25 10:23:50 PM  
Jan 25 10:23:50 PM  > core-js-pure@3.27.2 postinstall /opt/render/project/src/client/node_modules/core-js-pure
Jan 25 10:23:50 PM  > node -e "try{require('./postinstall')}catch(e){}"
Jan 25 10:23:50 PM  
Jan 25 10:23:50 PM  
Jan 25 10:23:50 PM  > es5-ext@0.10.62 postinstall /opt/render/project/src/client/node_modules/es5-ext
Jan 25 10:23:50 PM  >  node -e "try{require('./_postinstall')}catch(e){}" || exit 0
Jan 25 10:23:50 PM  
Jan 25 10:23:51 PM  
Jan 25 10:23:51 PM  > node-sass@4.14.1 postinstall /opt/render/project/src/client/node_modules/node-sass
Jan 25 10:23:51 PM  > node scripts/build.js
Jan 25 10:23:51 PM  
Jan 25 10:23:51 PM  Binary found at /opt/render/project/src/client/node_modules/node-sass/vendor/linux-x64-83/binding.node
Jan 25 10:23:51 PM  Testing binary
Jan 25 10:23:51 PM  Binary is fine
Jan 25 10:23:53 PM  added 1756 packages from 960 contributors and audited 1762 packages in 42.347s
Jan 25 10:23:54 PM  
Jan 25 10:23:54 PM  121 packages are looking for funding
Jan 25 10:23:54 PM    run `npm fund` for details
Jan 25 10:23:54 PM  
Jan 25 10:23:54 PM  found 49 vulnerabilities (3 low, 16 moderate, 26 high, 4 critical)
Jan 25 10:23:54 PM    run `npm audit fix` to fix them, or `npm audit` for details
Jan 25 10:23:55 PM  
Jan 25 10:23:55 PM  > client@0.1.0 build /opt/render/project/src/client
Jan 25 10:23:55 PM  > react-scripts build
Jan 25 10:23:55 PM  
Jan 25 10:23:57 PM  Creating an optimized production build...
Jan 25 10:24:05 PM  Failed to compile.
Jan 25 10:24:05 PM  
Jan 25 10:24:05 PM  ./src/components/layout/Landing.js
Jan 25 10:24:05 PM  Cannot find module: 'react-bootstrap/Carousel'. Make sure this package is installed.
Jan 25 10:24:05 PM  
Jan 25 10:24:05 PM  You can install this package by running: npm install react-bootstrap/Carousel.
Jan 25 10:24:05 PM  
Jan 25 10:24:05 PM  
Jan 25 10:24:05 PM  npm ERR! code ELIFECYCLE
Jan 25 10:24:05 PM  npm ERR! errno 1
Jan 25 10:24:05 PM  npm ERR! client@0.1.0 build: `react-scripts build`
Jan 25 10:24:05 PM  npm ERR! Exit status 1
Jan 25 10:24:05 PM  npm ERR!
Jan 25 10:24:05 PM  npm ERR! Failed at the client@0.1.0 build script.
Jan 25 10:24:05 PM  npm ERR! This is probably not a problem with npm. There is likely additional logging output above.
Jan 25 10:24:06 PM  
Jan 25 10:24:06 PM  npm ERR! A complete log of this run can be found in:
Jan 25 10:24:06 PM  npm ERR!     /opt/render/.cache/_logs/2023-01-25T15_24_05_986Z-debug.log
Jan 25 10:24:06 PM  npm ERR! code ELIFECYCLE
Jan 25 10:24:06 PM  npm ERR! errno 1
Jan 25 10:24:06 PM  npm ERR! mern-webshop@1.0.0 build: `NPM_CONFIG_PRODUCTION=false npm install --prefix client && npm run build --prefix client`
Jan 25 10:24:06 PM  npm ERR! Exit status 1
Jan 25 10:24:06 PM  npm ERR!
Jan 25 10:24:06 PM  npm ERR! Failed at the mern-webshop@1.0.0 build script.
Jan 25 10:24:06 PM  npm ERR! This is probably not a problem with npm. There is likely additional logging output above.
Jan 25 10:24:06 PM  
Jan 25 10:24:06 PM  npm ERR! A complete log of this run can be found in:
Jan 25 10:24:06 PM  npm ERR!     /opt/render/.cache/_logs/2023-01-25T15_24_06_065Z-debug.log
Jan 25 10:24:06 PM  ==> Build failed ğŸ˜
Jan 25 10:24:06 PM  ==> Generating container image from build. This may take a few minutes... but i have the dependency in question in my package.json on the client side. why is it considered missing?